
## ---------------------- ##
## Running config.status. ##
## ---------------------- ##

This file was extended by bash config.status 3.0-release, which was
generated by GNU Autoconf 2.65.  Invocation command line was

  CONFIG_FILES    = Makefile
  CONFIG_HEADERS  = 
  CONFIG_LINKS    = 
  CONFIG_COMMANDS = 
  $ ./config.status 

on snail.xu

config.status:1222: creating Makefile
config.status:1325: WARNING:  'Makefile.in' seems to ignore the --datarootdir setting
config.status:1402: executing default-1 commands
config.status:1402: executing default commands

## ---------------------- ##
## Running config.status. ##
## ---------------------- ##

This file was extended by bash config.status 3.0-release, which was
generated by GNU Autoconf 2.65.  Invocation command line was

  CONFIG_FILES    = 
  CONFIG_HEADERS  = 
  CONFIG_LINKS    = 
  CONFIG_COMMANDS = 
  $ ./config.status 

on snail.xu

config.status:1222: creating Makefile
config.status:1325: WARNING:  'Makefile.in' seems to ignore the --datarootdir setting
config.status:1222: creating builtins/Makefile
config.status:1325: WARNING:  'builtins/Makefile.in' seems to ignore the --datarootdir setting
config.status:1222: creating lib/readline/Makefile
config.status:1222: creating lib/glob/Makefile
config.status:1222: creating lib/intl/Makefile
config.status:1325: WARNING:  'lib/intl/Makefile.in' seems to ignore the --datarootdir setting
config.status:1222: creating lib/malloc/Makefile
config.status:1222: creating lib/sh/Makefile
config.status:1222: creating lib/termcap/Makefile
config.status:1222: creating lib/tilde/Makefile
config.status:1222: creating doc/Makefile
config.status:1325: WARNING:  'doc/Makefile.in' seems to ignore the --datarootdir setting
config.status:1222: creating support/Makefile
config.status:1222: creating po/Makefile.in
config.status:1325: WARNING:  'po/Makefile.in.in' seems to ignore the --datarootdir setting
config.status:1222: creating examples/loadables/Makefile
config.status:1325: WARNING:  'examples/loadables/Makefile.in' seems to ignore the --datarootdir setting
config.status:1222: creating examples/loadables/perl/Makefile
config.status:1325: WARNING:  'examples/loadables/perl/Makefile.in' seems to ignore the --datarootdir setting
config.status:1222: creating pathnames.h
config.status:1402: executing default-1 commands
config.status:1402: executing default commands
